<?xml version="1.0" encoding="utf-8"?><testsuites name="pytest tests"><testsuite name="pytest" errors="0" failures="0" skipped="0" tests="13" time="4.262" timestamp="2026-09-09T20:23:52.302415+00:00" hostname="agent-env-a00d75e0-e13e-433c-a05e-85ed109352da"><testcase classname="tests.test_review_iter4" name="test_owner_login_ok" time="0.591" /><testcase classname="tests.test_review_iter4" name="test_wrong_pw_fails" time="0.390" /><testcase classname="tests.test_review_iter4" name="test_owner_endpoints_require_auth[/api/admin/financials]" time="0.217" /><testcase classname="tests.test_review_iter4" name="test_owner_endpoints_require_auth[/api/admin/audit]" time="0.156" /><testcase classname="tests.test_review_iter4" name="test_owner_endpoints_require_auth[/api/admin/team]" time="0.173" /><testcase classname="tests.test_review_iter4" name="test_owner_endpoints_require_auth[/api/admin/summary]" time="0.196" /><testcase classname="tests.test_review_iter4" name="test_owner_endpoints_require_auth[/api/admin/digest]" time="0.176" /><testcase classname="tests.test_review_iter4" name="test_public_team_members_hides_pin_and_slug" time="0.160" /><testcase classname="tests.test_review_iter4" name="test_digest_preview_email_configured_true" time="0.199" /><testcase classname="tests.test_review_iter4" name="test_digest_send_no_longer_400" time="0.602" /><testcase classname="tests.test_review_iter4" name="test_team_mahnoor_still_public" time="0.141" /><testcase classname="tests.test_review_iter4" name="test_workflow_mismatch_rejected" time="0.538" /><testcase classname="tests.test_review_iter4" name="test_admin_summary_shape" time="0.127" /></testsuite></testsuites>