<?xml version="1.0" encoding="utf-8"?><testsuites name="pytest tests"><testsuite name="pytest" errors="0" failures="0" skipped="0" tests="11" time="6.993" timestamp="2026-09-09T19:09:21.169515+00:00" hostname="agent-env-a00d75e0-e13e-433c-a05e-85ed109352da"><testcase classname="tests.test_review_iter3" name="test_rotate_requires_auth" time="0.337" /><testcase classname="tests.test_review_iter3" name="test_rotate_invalidates_old_and_returns_new" time="1.531" /><testcase classname="tests.test_review_iter3" name="test_password_change_requires_auth" time="0.138" /><testcase classname="tests.test_review_iter3" name="test_password_change_wrong_current" time="0.397" /><testcase classname="tests.test_review_iter3" name="test_password_change_short" time="0.222" /><testcase classname="tests.test_review_iter3" name="test_password_change_success_then_restore" time="2.310" /><testcase classname="tests.test_review_iter3" name="test_digest_requires_auth" time="0.406" /><testcase classname="tests.test_review_iter3" name="test_digest_preview_shape" time="0.158" /><testcase classname="tests.test_review_iter3" name="test_digest_send_400_without_key" time="0.150" /><testcase classname="tests.test_review_iter3" name="test_workflow_jump_blocked" time="0.644" /><testcase classname="tests.test_review_iter3" name="test_admin_summary_still_requires_auth" time="0.163" /></testsuite></testsuites>