<?xml version="1.0" encoding="utf-8"?><testsuites name="pytest tests"><testsuite name="pytest" errors="0" failures="0" skipped="0" tests="8" time="3.529" timestamp="2026-09-09T18:56:30.659487+00:00" hostname="agent-env-a00d75e0-e13e-433c-a05e-85ed109352da"><testcase classname="tests.backend_test" name="test_public_members_do_not_expose_pins_or_admin_data" time="0.260" /><testcase classname="tests.backend_test" name="test_invalid_pin_rejected_and_valid_pin_returns_private_member" time="0.229" /><testcase classname="tests.backend_test" name="test_team_slug_returns_only_assigned_tasks" time="0.212" /><testcase classname="tests.backend_test" name="test_both_owners_login_me_and_logout[usman@taskflow.demo]" time="0.552" /><testcase classname="tests.backend_test" name="test_both_owners_login_me_and_logout[hena@taskflow.demo]" time="0.532" /><testcase classname="tests.backend_test" name="test_admin_financials_and_summary_are_blocked_without_auth" time="0.158" /><testcase classname="tests.backend_test" name="test_google_session_requires_session_id" time="0.079" /><testcase classname="tests.backend_test" name="test_task_forward_status_rules_and_owner_approval" time="0.991" /></testsuite></testsuites>